# JRE version: Java(TM) SE Runtime Environment (17.0.10+11) (build 17.0.10+11-LTS-240)
# Java VM: Java HotSpot(TM) 64-Bit Server VM (17.0.10+11-LTS-240, mixed mode, emulated-client, sharing, tiered, compressed oops, compressed class ptrs, g1 gc, windows-amd64)
GC Precious Log:
 CPUs: 12 total, 12 available
 Memory: 7549M
 Large Page Support: Disabled
 NUMA Support: Disabled
 Compressed Oops: Enabled (32-bit)
 Heap Region Size: 1M
 Heap Min Capacity: 8M
 Heap Initial Capacity: 118M
 Heap Max Capacity: 1888M
 Pre-touch: Disabled
 Parallel Workers: 10
 Concurrent Workers: 3
 Concurrent Refinement Workers: 10
 Periodic GC: Disabled
Heap:
 garbage-first heap   total 119808K, used 55079K [0x000000008a000000, 0x0000000100000000)
  region size 1024K, 6 young (6144K), 3 survivors (3072K)
 Metaspace       used 84182K, committed 84928K, reserved 1179648K
  class space    used 12247K, committed 12608K, reserved 1048576K
GC Heap History (20 events):
Event: 5662.593 GC heap before
{Heap before GC invocations=38 (full 0):
 garbage-first heap   total 139264K, used 69653K [0x000000008a000000, 0x0000000100000000)
  region size 1024K, 27 young (27648K), 5 survivors (5120K)
 Metaspace       used 83484K, committed 84288K, reserved 1179648K
  class space    used 12207K, committed 12608K, reserved 1048576K
}
Event: 5663.065 GC heap after
{Heap after GC invocations=39 (full 1):
 garbage-first heap   total 119808K, used 33731K [0x000000008a000000, 0x0000000100000000)
  region size 1024K, 0 young (0K), 0 survivors (0K)
 Metaspace       used 83051K, committed 84288K, reserved 1179648K
  class space    used 12118K, committed 12608K, reserved 1048576K
}
Event: 5664.627 GC heap before
{Heap before GC invocations=39 (full 1):
 garbage-first heap   total 119808K, used 101315K [0x000000008a000000, 0x0000000100000000)
  region size 1024K, 66 young (67584K), 0 survivors (0K)
 Metaspace       used 83285K, committed 84288K, reserved 1179648K
  class space    used 12148K, committed 12608K, reserved 1048576K
}
Event: 5664.643 GC heap after
{Heap after GC invocations=40 (full 1):
 garbage-first heap   total 119808K, used 39563K [0x000000008a000000, 0x0000000100000000)
  region size 1024K, 6 young (6144K), 6 survivors (6144K)
 Metaspace       used 83285K, committed 84288K, reserved 1179648K
  class space    used 12148K, committed 12608K, reserved 1048576K
}
Event: 5665.991 GC heap before
{Heap before GC invocations=40 (full 1):
 garbage-first heap   total 119808K, used 97931K [0x000000008a000000, 0x0000000100000000)
  region size 1024K, 63 young (64512K), 6 survivors (6144K)
 Metaspace       used 83442K, committed 84288K, reserved 1179648K
  class space    used 12175K, committed 12608K, reserved 1048576K
}
Event: 5666.004 GC heap after
{Heap after GC invocations=41 (full 1):
 garbage-first heap   total 119808K, used 43394K [0x000000008a000000, 0x0000000100000000)
  region size 1024K, 5 young (5120K), 5 survivors (5120K)
 Metaspace       used 83442K, committed 84288K, reserved 1179648K
  class space    used 12175K, committed 12608K, reserved 1048576K
}
Event: 5666.628 GC heap before
{Heap before GC invocations=41 (full 1):
 garbage-first heap   total 119808K, used 95618K [0x000000008a000000, 0x0000000100000000)
  region size 1024K, 56 young (57344K), 5 survivors (5120K)
 Metaspace       used 83916K, committed 84672K, reserved 1179648K
  class space    used 12212K, committed 12608K, reserved 1048576K
}
Event: 5666.636 GC heap after
{Heap after GC invocations=42 (full 1):
 garbage-first heap   total 119808K, used 46248K [0x000000008a000000, 0x0000000100000000)
  region size 1024K, 4 young (4096K), 4 survivors (4096K)
 Metaspace       used 83916K, committed 84672K, reserved 1179648K
  class space    used 12212K, committed 12608K, reserved 1048576K
}
Event: 5667.389 GC heap before
{Heap before GC invocations=42 (full 1):
 garbage-first heap   total 119808K, used 96424K [0x000000008a000000, 0x0000000100000000)
  region size 1024K, 53 young (54272K), 4 survivors (4096K)
 Metaspace       used 83932K, committed 84672K, reserved 1179648K
  class space    used 12216K, committed 12608K, reserved 1048576K
}
Event: 5667.395 GC heap after
{Heap after GC invocations=43 (full 1):
 garbage-first heap   total 119808K, used 48630K [0x000000008a000000, 0x0000000100000000)
  region size 1024K, 6 young (6144K), 6 survivors (6144K)
 Metaspace       used 83932K, committed 84672K, reserved 1179648K
  class space    used 12216K, committed 12608K, reserved 1048576K
}
Event: 5668.089 GC heap before
{Heap before GC invocations=43 (full 1):
 garbage-first heap   total 119808K, used 96758K [0x000000008a000000, 0x0000000100000000)
  region size 1024K, 53 young (54272K), 6 survivors (6144K)
 Metaspace       used 83932K, committed 84672K, reserved 1179648K
  class space    used 12216K, committed 12608K, reserved 1048576K
}
Event: 5668.107 GC heap after
{Heap after GC invocations=44 (full 1):
 garbage-first heap   total 119808K, used 51356K [0x000000008a000000, 0x0000000100000000)
  region size 1024K, 6 young (6144K), 6 survivors (6144K)
 Metaspace       used 83932K, committed 84672K, reserved 1179648K
  class space    used 12216K, committed 12608K, reserved 1048576K
}
Event: 6062.531 GC heap before
{Heap before GC invocations=44 (full 1):
 garbage-first heap   total 119808K, used 97436K [0x000000008a000000, 0x0000000100000000)
  region size 1024K, 51 young (52224K), 6 survivors (6144K)
 Metaspace       used 84129K, committed 84864K, reserved 1179648K
  class space    used 12235K, committed 12608K, reserved 1048576K
}
Event: 6062.543 GC heap after
{Heap after GC invocations=45 (full 1):
 garbage-first heap   total 119808K, used 52215K [0x000000008a000000, 0x0000000100000000)
  region size 1024K, 4 young (4096K), 4 survivors (4096K)
 Metaspace       used 84129K, committed 84864K, reserved 1179648K
  class space    used 12235K, committed 12608K, reserved 1048576K
}
Event: 6523.908 GC heap before
{Heap before GC invocations=45 (full 1):
 garbage-first heap   total 119808K, used 97271K [0x000000008a000000, 0x0000000100000000)
  region size 1024K, 48 young (49152K), 4 survivors (4096K)
 Metaspace       used 84131K, committed 84864K, reserved 1179648K
  class space    used 12235K, committed 12608K, reserved 1048576K
}
Event: 6523.921 GC heap after
{Heap after GC invocations=46 (full 1):
 garbage-first heap   total 119808K, used 51918K [0x000000008a000000, 0x0000000100000000)
  region size 1024K, 1 young (1024K), 1 survivors (1024K)
 Metaspace       used 84131K, committed 84864K, reserved 1179648K
  class space    used 12235K, committed 12608K, reserved 1048576K
}
Event: 7036.048 GC heap before
{Heap before GC invocations=46 (full 1):
 garbage-first heap   total 119808K, used 99022K [0x000000008a000000, 0x0000000100000000)
  region size 1024K, 47 young (48128K), 1 survivors (1024K)
 Metaspace       used 84148K, committed 84928K, reserved 1179648K
  class space    used 12240K, committed 12608K, reserved 1048576K
}
Event: 7036.056 GC heap after
{Heap after GC invocations=47 (full 1):
 garbage-first heap   total 119808K, used 52524K [0x000000008a000000, 0x0000000100000000)
  region size 1024K, 2 young (2048K), 2 survivors (2048K)
 Metaspace       used 84148K, committed 84928K, reserved 1179648K
  class space    used 12240K, committed 12608K, reserved 1048576K
}
Event: 7546.158 GC heap before
{Heap before GC invocations=47 (full 1):
 garbage-first heap   total 119808K, used 99628K [0x000000008a000000, 0x0000000100000000)
  region size 1024K, 48 young (49152K), 2 survivors (2048K)
 Metaspace       used 84178K, committed 84928K, reserved 1179648K
  class space    used 12246K, committed 12608K, reserved 1048576K
}
Event: 7546.180 GC heap after
{Heap after GC invocations=48 (full 1):
 garbage-first heap   total 119808K, used 53031K [0x000000008a000000, 0x0000000100000000)
  region size 1024K, 3 young (3072K), 3 survivors (3072K)
 Metaspace       used 84178K, committed 84928K, reserved 1179648K
  class space    used 12246K, committed 12608K, reserved 1048576K
}

